[19:37:13] [ServerMain/INFO]: Environment: authHost='https://authserver.mojang.com', accountsHost='https://api.mojang.com', sessionHost='https://sessionserver.mojang.com', servicesHost='https://api.minecraftservices.com', name='PROD'
[19:37:14] [ServerMain/WARN]: Missing data pack Fabric Mods
[19:37:14] [ServerMain/INFO]: Found new data pack file/bukkit, loading it automatically
[19:37:16] [ServerMain/INFO]: Loaded 7 recipes
[19:37:17] [Server thread/INFO]: Starting minecraft server version 1.19.4
[19:37:17] [Server thread/INFO]: Loading properties
[19:37:17] [Server thread/INFO]: This server is running Purpur version git-Purpur-1985 (MC: 1.19.4) (Implementing API version 1.19.4-R0.1-SNAPSHOT) (Git: 6886272 on HEAD)
[19:37:17] [Server thread/INFO]: Server Ping Player Sample Count: 12
[19:37:17] [Server thread/INFO]: Using 4 threads for Netty based IO
[19:37:17] [Server thread/INFO]: [ChunkTaskScheduler] Chunk system is using 1 I/O threads, 4 worker threads, and gen parallelism of 4 threads
[19:37:18] [Server thread/WARN]: [Pufferfish] SIMD operations are available for your server, but are not configured!
[19:37:18] [Server thread/WARN]: [Pufferfish] To enable additional optimizations, add "--add-modules=jdk.incubator.vector" to your startup flags, BEFORE the "-jar".
[19:37:18] [Server thread/WARN]: [Pufferfish] If you have already added this flag, then SIMD operations are not supported on your JVM or CPU.
[19:37:18] [Server thread/WARN]: [Pufferfish] Debug: Java: 17.0.6, test run: true
[19:37:18] [Server thread/INFO]: Default game type: SURVIVAL
[19:37:18] [Server thread/INFO]: Generating keypair
[19:37:18] [Server thread/INFO]: Starting Minecraft server on *:25565
[19:37:18] [Server thread/INFO]: Using default channel type
[19:37:18] [Server thread/INFO]: Paper: Using Java compression from Velocity.
[19:37:18] [Server thread/INFO]: Paper: Using Java cipher from Velocity.
[19:37:19] [Server thread/INFO]: [spark] Loading server plugin spark v1.10.54
[19:37:19] [Server thread/INFO]: Server permissions file permissions.yml is empty, ignoring it
[19:37:19] [Server thread/WARN]: **** SERVER IS RUNNING IN OFFLINE/INSECURE MODE!
[19:37:19] [Server thread/WARN]: The server will make no attempt to authenticate usernames. Beware.
[19:37:19] [Server thread/WARN]: While this makes the game possible to play without internet access, it also opens up the ability for hackers to connect with any username they choose.
[19:37:19] [Server thread/WARN]: To change this, set "online-mode" to "true" in the server.properties file.
[19:37:19] [Server thread/INFO]: Preparing level "HUB"
[19:37:20] [Server thread/INFO]: Preparing start region for dimension minecraft:overworld
[19:37:20] [Server thread/INFO]: Time elapsed: 136 ms
[19:37:20] [Server thread/INFO]: [spark] Enabling spark v1.10.54
[19:37:21] [Server thread/INFO]: [spark] Using Paper ServerTickStartEvent for tick monitoring
[19:37:22] [Server thread/INFO]: [spark] Starting background profiler...
[19:37:22] [Server thread/INFO]: [spark] The async-profiler engine is not supported for your os/arch (windows11/amd64), so the built-in Java engine will be used instead.
[19:37:22] [Server thread/INFO]: Running delayed init tasks
[19:37:22] [Server thread/INFO]: Done (5.409s)! For help, type "help"
